<?xml version="1.0" encoding="UTF-8"?>
<coverage generated="1508855639826" clover="3.2.0">
  <project timestamp="1508855639826" name="All files">
    <metrics statements="125" coveredstatements="118" conditionals="77" coveredconditionals="63" methods="38" coveredmethods="35" elements="240" coveredelements="216" complexity="0" loc="125" ncloc="125" packages="2" files="13" classes="13">
      <package name="src">
        <metrics statements="111" coveredstatements="105" conditionals="69" coveredconditionals="59" methods="33" coveredmethods="31"/>
        <file name="branch.js" path="/Users/morulus/Work/morulus/projects/composefn/src/branch.js">
          <metrics statements="5" coveredstatements="5" conditionals="6" coveredconditionals="5" methods="2" coveredmethods="2"/>
          <line num="12" count="6" type="stmt"/>
          <line num="13" count="6" type="stmt"/>
          <line num="14" count="6" type="stmt"/>
          <line num="15" count="6" type="cond" truecount="2" falsecount="0"/>
          <line num="16" count="6" type="cond" truecount="2" falsecount="0"/>
        </file>
        <file name="concatenate.js" path="/Users/morulus/Work/morulus/projects/composefn/src/concatenate.js">
          <metrics statements="34" coveredstatements="31" conditionals="14" coveredconditionals="12" methods="8" coveredmethods="7"/>
          <line num="8" count="75" type="stmt"/>
          <line num="12" count="33" type="cond" truecount="2" falsecount="0"/>
          <line num="13" count="8" type="stmt"/>
          <line num="15" count="25" type="stmt"/>
          <line num="19" count="15" type="cond" truecount="1" falsecount="1"/>
          <line num="20" count="0" type="stmt"/>
          <line num="22" count="15" type="stmt"/>
          <line num="23" count="15" type="stmt"/>
          <line num="24" count="33" type="stmt"/>
          <line num="26" count="15" type="stmt"/>
          <line num="30" count="98" type="cond" truecount="2" falsecount="0"/>
          <line num="31" count="71" type="cond" truecount="2" falsecount="0"/>
          <line num="32" count="27" type="cond" truecount="2" falsecount="0"/>
          <line num="33" count="15" type="stmt"/>
          <line num="35" count="12" type="stmt"/>
          <line num="39" count="47" type="stmt"/>
          <line num="40" count="47" type="stmt"/>
          <line num="41" count="47" type="stmt"/>
          <line num="42" count="47" type="stmt"/>
          <line num="43" count="47" type="stmt"/>
          <line num="44" count="93" type="stmt"/>
          <line num="47" count="5" type="stmt"/>
          <line num="52" count="5" type="stmt"/>
          <line num="53" count="5" type="stmt"/>
          <line num="54" count="15" type="cond" truecount="2" falsecount="0"/>
          <line num="55" count="5" type="stmt"/>
          <line num="56" count="5" type="stmt"/>
          <line num="59" count="0" type="stmt"/>
          <line num="61" count="42" type="stmt"/>
          <line num="65" count="40" type="cond" truecount="1" falsecount="1"/>
          <line num="66" count="40" type="stmt"/>
          <line num="69" count="0" type="stmt"/>
          <line num="72" count="40" type="stmt"/>
          <line num="73" count="42" type="stmt"/>
        </file>
        <file name="fork.js" path="/Users/morulus/Work/morulus/projects/composefn/src/fork.js">
          <metrics statements="4" coveredstatements="4" conditionals="2" coveredconditionals="2" methods="2" coveredmethods="2"/>
          <line num="4" count="2" type="cond" truecount="2" falsecount="0"/>
          <line num="5" count="2" type="stmt"/>
          <line num="7" count="2" type="stmt"/>
          <line num="10" count="2" type="stmt"/>
        </file>
        <file name="invoke.js" path="/Users/morulus/Work/morulus/projects/composefn/src/invoke.js">
          <metrics statements="7" coveredstatements="6" conditionals="6" coveredconditionals="5" methods="2" coveredmethods="2"/>
          <line num="8" count="3" type="stmt"/>
          <line num="9" count="5" type="stmt"/>
          <line num="10" count="5" type="cond" truecount="2" falsecount="0"/>
          <line num="11" count="3" type="stmt"/>
          <line num="12" count="2" type="cond" truecount="3" falsecount="1"/>
          <line num="13" count="2" type="stmt"/>
          <line num="15" count="0" type="stmt"/>
        </file>
        <file name="mapArgs.js" path="/Users/morulus/Work/morulus/projects/composefn/src/mapArgs.js">
          <metrics statements="6" coveredstatements="6" conditionals="4" coveredconditionals="3" methods="3" coveredmethods="3"/>
          <line num="5" count="1" type="stmt"/>
          <line num="6" count="1" type="cond" truecount="1" falsecount="1"/>
          <line num="13" count="1" type="cond" truecount="2" falsecount="0"/>
          <line num="14" count="1" type="stmt"/>
          <line num="16" count="1" type="stmt"/>
          <line num="20" count="1" type="stmt"/>
        </file>
        <file name="onError.js" path="/Users/morulus/Work/morulus/projects/composefn/src/onError.js">
          <metrics statements="5" coveredstatements="5" conditionals="2" coveredconditionals="2" methods="3" coveredmethods="3"/>
          <line num="6" count="6" type="cond" truecount="2" falsecount="0"/>
          <line num="7" count="6" type="stmt"/>
          <line num="10" count="6" type="stmt"/>
          <line num="14" count="5" type="stmt"/>
          <line num="17" count="6" type="stmt"/>
        </file>
        <file name="then.js" path="/Users/morulus/Work/morulus/projects/composefn/src/then.js">
          <metrics statements="9" coveredstatements="9" conditionals="6" coveredconditionals="6" methods="1" coveredmethods="1"/>
          <line num="5" count="8" type="cond" truecount="2" falsecount="0"/>
          <line num="6" count="8" type="stmt"/>
          <line num="8" count="8" type="cond" truecount="2" falsecount="0"/>
          <line num="9" count="6" type="stmt"/>
          <line num="10" count="6" type="cond" truecount="2" falsecount="0"/>
          <line num="11" count="2" type="stmt"/>
          <line num="13" count="4" type="stmt"/>
          <line num="15" count="2" type="stmt"/>
          <line num="19" count="8" type="stmt"/>
        </file>
        <file name="tillMatch.js" path="/Users/morulus/Work/morulus/projects/composefn/src/tillMatch.js">
          <metrics statements="18" coveredstatements="16" conditionals="17" coveredconditionals="14" methods="4" coveredmethods="3"/>
          <line num="6" count="1" type="stmt"/>
          <line num="10" count="5" type="cond" truecount="1" falsecount="1"/>
          <line num="12" count="0" type="stmt"/>
          <line num="13" count="5" type="stmt"/>
          <line num="14" count="5" type="cond" truecount="2" falsecount="0"/>
          <line num="17" count="5" type="stmt"/>
          <line num="18" count="8" type="stmt"/>
          <line num="19" count="8" type="stmt"/>
          <line num="20" count="9" type="stmt"/>
          <line num="21" count="9" type="cond" truecount="2" falsecount="0"/>
          <line num="24" count="9" type="cond" truecount="2" falsecount="0"/>
          <line num="28" count="4" type="cond" truecount="2" falsecount="0"/>
          <line num="30" count="5" type="stmt"/>
          <line num="32" count="4" type="stmt"/>
          <line num="33" count="5" type="cond" truecount="1" falsecount="1"/>
          <line num="36" count="5" type="cond" truecount="1" falsecount="1"/>
          <line num="37" count="0" type="stmt"/>
          <line num="40" count="4" type="cond" truecount="2" falsecount="0"/>
        </file>
        <file name="tillTruly.js" path="/Users/morulus/Work/morulus/projects/composefn/src/tillTruly.js">
          <metrics statements="6" coveredstatements="6" conditionals="2" coveredconditionals="2" methods="2" coveredmethods="2"/>
          <line num="2" count="2" type="stmt"/>
          <line num="4" count="4" type="stmt"/>
          <line num="5" count="7" type="stmt"/>
          <line num="6" count="7" type="cond" truecount="2" falsecount="0"/>
          <line num="7" count="3" type="stmt"/>
          <line num="10" count="4" type="stmt"/>
        </file>
        <file name="withProps.js" path="/Users/morulus/Work/morulus/projects/composefn/src/withProps.js">
          <metrics statements="10" coveredstatements="10" conditionals="10" coveredconditionals="8" methods="4" coveredmethods="4"/>
          <line num="9" count="1" type="stmt"/>
          <line num="13" count="5" type="stmt"/>
          <line num="14" count="5" type="cond" truecount="1" falsecount="1"/>
          <line num="15" count="5" type="stmt"/>
          <line num="20" count="5" type="cond" truecount="2" falsecount="0"/>
          <line num="21" count="5" type="stmt"/>
          <line num="22" count="5" type="stmt"/>
          <line num="23" count="5" type="cond" truecount="1" falsecount="1"/>
          <line num="24" count="5" type="cond" truecount="2" falsecount="0"/>
          <line num="26" count="5" type="stmt"/>
        </file>
        <file name="zipProps.js" path="/Users/morulus/Work/morulus/projects/composefn/src/zipProps.js">
          <metrics statements="7" coveredstatements="7" conditionals="0" coveredconditionals="0" methods="2" coveredmethods="2"/>
          <line num="7" count="1" type="stmt"/>
          <line num="8" count="1" type="stmt"/>
          <line num="10" count="1" type="stmt"/>
          <line num="11" count="1" type="stmt"/>
          <line num="12" count="4" type="stmt"/>
          <line num="14" count="1" type="stmt"/>
          <line num="18" count="1" type="stmt"/>
        </file>
      </package>
      <package name="src.internals">
        <metrics statements="14" coveredstatements="13" conditionals="8" coveredconditionals="4" methods="5" coveredmethods="4"/>
        <file name="constants.js" path="/Users/morulus/Work/morulus/projects/composefn/src/internals/constants.js">
          <metrics statements="3" coveredstatements="3" conditionals="0" coveredconditionals="0" methods="0" coveredmethods="0"/>
          <line num="1" count="12" type="stmt"/>
          <line num="2" count="12" type="stmt"/>
          <line num="3" count="12" type="stmt"/>
        </file>
        <file name="helpers.js" path="/Users/morulus/Work/morulus/projects/composefn/src/internals/helpers.js">
          <metrics statements="11" coveredstatements="10" conditionals="8" coveredconditionals="4" methods="5" coveredmethods="4"/>
          <line num="5" count="7" type="stmt"/>
          <line num="7" count="27" type="stmt"/>
          <line num="8" count="27" type="cond" truecount="2" falsecount="0"/>
          <line num="9" count="9" type="stmt"/>
          <line num="15" count="27" type="stmt"/>
          <line num="18" count="7" type="stmt"/>
          <line num="27" count="7" type="stmt"/>
          <line num="31" count="104" type="cond" truecount="2" falsecount="1"/>
          <line num="35" count="0" type="cond" truecount="0" falsecount="3"/>
          <line num="39" count="3" type="stmt"/>
          <line num="40" count="3" type="stmt"/>
        </file>
      </package>
    </metrics>
  </project>
</coverage>
