{"/Users/morulus/Work/morulus/projects/composefn/src/branch.js": {"path":"/Users/morulus/Work/morulus/projects/composefn/src/branch.js","statementMap":{"0":{"start":{"line":12,"column":5},"end":{"line":19,"column":1}},"1":{"start":{"line":13,"column":2},"end":{"line":13,"column":65}},"2":{"start":{"line":14,"column":18},"end":{"line":14,"column":45}},"3":{"start":{"line":15,"column":19},"end":{"line":15,"column":45}},"4":{"start":{"line":16,"column":2},"end":{"line":18,"column":15}}},"fnMap":{"0":{"name":"(anonymous_0)","decl":{"start":{"line":8,"column":36},"end":{"line":8,"column":37}},"loc":{"start":{"line":12,"column":5},"end":{"line":19,"column":1}},"line":12},"1":{"name":"branch","decl":{"start":{"line":12,"column":14},"end":{"line":12,"column":20}},"loc":{"start":{"line":12,"column":30},"end":{"line":19,"column":1}},"line":12}},"branchMap":{"0":{"loc":{"start":{"line":10,"column":2},"end":{"line":10,"column":15}},"type":"default-arg","locations":[{"start":{"line":10,"column":11},"end":{"line":10,"column":15}}],"line":10},"1":{"loc":{"start":{"line":11,"column":2},"end":{"line":11,"column":17}},"type":"default-arg","locations":[{"start":{"line":11,"column":12},"end":{"line":11,"column":17}}],"line":11},"2":{"loc":{"start":{"line":15,"column":19},"end":{"line":15,"column":45}},"type":"cond-expr","locations":[{"start":{"line":15,"column":29},"end":{"line":15,"column":35}},{"start":{"line":15,"column":38},"end":{"line":15,"column":45}}],"line":15},"3":{"loc":{"start":{"line":16,"column":9},"end":{"line":18,"column":14}},"type":"cond-expr","locations":[{"start":{"line":17,"column":6},"end":{"line":17,"column":32}},{"start":{"line":18,"column":6},"end":{"line":18,"column":14}}],"line":16}},"s":{"0":6,"1":6,"2":6,"3":6,"4":6},"f":{"0":6,"1":6},"b":{"0":[0],"1":[1],"2":[4,2],"3":[4,2]},"_coverageSchema":"332fd63041d2c1bcb487cc26dd0d5f7d97098a6c","hash":"e4d481735900585ccbd0dbf47213b43b32de4962"}
,"/Users/morulus/Work/morulus/projects/composefn/src/concatenate.js": {"path":"/Users/morulus/Work/morulus/projects/composefn/src/concatenate.js","statementMap":{"0":{"start":{"line":8,"column":2},"end":{"line":8,"column":56}},"1":{"start":{"line":12,"column":2},"end":{"line":14,"column":3}},"2":{"start":{"line":13,"column":4},"end":{"line":13,"column":40}},"3":{"start":{"line":15,"column":2},"end":{"line":15,"column":14}},"4":{"start":{"line":19,"column":2},"end":{"line":21,"column":3}},"5":{"start":{"line":20,"column":4},"end":{"line":20,"column":17}},"6":{"start":{"line":22,"column":18},"end":{"line":22,"column":31}},"7":{"start":{"line":23,"column":2},"end":{"line":25,"column":3}},"8":{"start":{"line":24,"column":4},"end":{"line":24,"column":68}},"9":{"start":{"line":26,"column":2},"end":{"line":26,"column":19}},"10":{"start":{"line":30,"column":2},"end":{"line":34,"column":3}},"11":{"start":{"line":31,"column":4},"end":{"line":31,"column":69}},"12":{"start":{"line":32,"column":9},"end":{"line":34,"column":3}},"13":{"start":{"line":33,"column":4},"end":{"line":33,"column":37}},"14":{"start":{"line":35,"column":2},"end":{"line":35,"column":16}},"15":{"start":{"line":39,"column":14},"end":{"line":39,"column":26}},"16":{"start":{"line":40,"column":2},"end":{"line":40,"column":18}},"17":{"start":{"line":41,"column":10},"end":{"line":41,"column":11}},"18":{"start":{"line":42,"column":2},"end":{"line":60,"column":3}},"19":{"start":{"line":43,"column":4},"end":{"line":45,"column":5}},"20":{"start":{"line":44,"column":6},"end":{"line":44,"column":52}},"21":{"start":{"line":47,"column":4},"end":{"line":50,"column":6}},"22":{"start":{"line":52,"column":4},"end":{"line":52,"column":8}},"23":{"start":{"line":53,"column":4},"end":{"line":58,"column":5}},"24":{"start":{"line":54,"column":6},"end":{"line":57,"column":7}},"25":{"start":{"line":55,"column":8},"end":{"line":55,"column":75}},"26":{"start":{"line":56,"column":8},"end":{"line":56,"column":76}},"27":{"start":{"line":59,"column":4},"end":{"line":59,"column":12}},"28":{"start":{"line":61,"column":2},"end":{"line":61,"column":21}},"29":{"start":{"line":65,"column":2},"end":{"line":71,"column":3}},"30":{"start":{"line":66,"column":4},"end":{"line":70,"column":9}},"31":{"start":{"line":69,"column":8},"end":{"line":69,"column":80}},"32":{"start":{"line":72,"column":2},"end":{"line":74,"column":4}},"33":{"start":{"line":73,"column":4},"end":{"line":73,"column":37}}},"fnMap":{"0":{"name":"defaultResolver","decl":{"start":{"line":7,"column":16},"end":{"line":7,"column":31}},"loc":{"start":{"line":7,"column":54},"end":{"line":9,"column":1}},"line":7},"1":{"name":"arrayUnitResolver","decl":{"start":{"line":11,"column":9},"end":{"line":11,"column":26}},"loc":{"start":{"line":11,"column":40},"end":{"line":16,"column":1}},"line":11},"2":{"name":"resolveArray","decl":{"start":{"line":18,"column":9},"end":{"line":18,"column":21}},"loc":{"start":{"line":18,"column":35},"end":{"line":27,"column":1}},"line":18},"3":{"name":"resolveUnit","decl":{"start":{"line":29,"column":16},"end":{"line":29,"column":27}},"loc":{"start":{"line":29,"column":50},"end":{"line":36,"column":1}},"line":29},"4":{"name":"reflow","decl":{"start":{"line":38,"column":9},"end":{"line":38,"column":15}},"loc":{"start":{"line":38,"column":38},"end":{"line":62,"column":1}},"line":38},"5":{"name":"concatenate","decl":{"start":{"line":64,"column":24},"end":{"line":64,"column":35}},"loc":{"start":{"line":64,"column":46},"end":{"line":75,"column":1}},"line":64},"6":{"name":"(anonymous_6)","decl":{"start":{"line":68,"column":15},"end":{"line":68,"column":16}},"loc":{"start":{"line":68,"column":28},"end":{"line":70,"column":7}},"line":68},"7":{"name":"flow","decl":{"start":{"line":72,"column":18},"end":{"line":72,"column":22}},"loc":{"start":{"line":72,"column":32},"end":{"line":74,"column":3}},"line":72}},"branchMap":{"0":{"loc":{"start":{"line":12,"column":2},"end":{"line":14,"column":3}},"type":"if","locations":[{"start":{"line":12,"column":2},"end":{"line":14,"column":3}},{"start":{"line":12,"column":2},"end":{"line":14,"column":3}}],"line":12},"1":{"loc":{"start":{"line":19,"column":2},"end":{"line":21,"column":3}},"type":"if","locations":[{"start":{"line":19,"column":2},"end":{"line":21,"column":3}},{"start":{"line":19,"column":2},"end":{"line":21,"column":3}}],"line":19},"2":{"loc":{"start":{"line":30,"column":2},"end":{"line":34,"column":3}},"type":"if","locations":[{"start":{"line":30,"column":2},"end":{"line":34,"column":3}},{"start":{"line":30,"column":2},"end":{"line":34,"column":3}}],"line":30},"3":{"loc":{"start":{"line":31,"column":12},"end":{"line":31,"column":45}},"type":"binary-expr","locations":[{"start":{"line":31,"column":12},"end":{"line":31,"column":26}},{"start":{"line":31,"column":30},"end":{"line":31,"column":45}}],"line":31},"4":{"loc":{"start":{"line":32,"column":9},"end":{"line":34,"column":3}},"type":"if","locations":[{"start":{"line":32,"column":9},"end":{"line":34,"column":3}},{"start":{"line":32,"column":9},"end":{"line":34,"column":3}}],"line":32},"5":{"loc":{"start":{"line":54,"column":6},"end":{"line":57,"column":7}},"type":"if","locations":[{"start":{"line":54,"column":6},"end":{"line":57,"column":7}},{"start":{"line":54,"column":6},"end":{"line":57,"column":7}}],"line":54},"6":{"loc":{"start":{"line":65,"column":2},"end":{"line":71,"column":3}},"type":"if","locations":[{"start":{"line":65,"column":2},"end":{"line":71,"column":3}},{"start":{"line":65,"column":2},"end":{"line":71,"column":3}}],"line":65}},"s":{"0":75,"1":33,"2":8,"3":25,"4":15,"5":0,"6":15,"7":15,"8":33,"9":15,"10":98,"11":71,"12":27,"13":15,"14":12,"15":47,"16":47,"17":47,"18":47,"19":47,"20":93,"21":5,"22":5,"23":5,"24":15,"25":5,"26":5,"27":0,"28":42,"29":40,"30":40,"31":0,"32":40,"33":42},"f":{"0":75,"1":33,"2":15,"3":98,"4":47,"5":40,"6":0,"7":42},"b":{"0":[8,25],"1":[0,15],"2":[71,27],"3":[71,67],"4":[15,12],"5":[5,10],"6":[40,0]},"_coverageSchema":"332fd63041d2c1bcb487cc26dd0d5f7d97098a6c","hash":"f372649b8c2c8a20b94afd2ff9647c8941c4a314"}
,"/Users/morulus/Work/morulus/projects/composefn/src/fork.js": {"path":"/Users/morulus/Work/morulus/projects/composefn/src/fork.js","statementMap":{"0":{"start":{"line":4,"column":19},"end":{"line":4,"column":45}},"1":{"start":{"line":5,"column":12},"end":{"line":9,"column":3}},"2":{"start":{"line":7,"column":6},"end":{"line":7,"column":27}},"3":{"start":{"line":10,"column":2},"end":{"line":10,"column":21}}},"fnMap":{"0":{"name":"(anonymous_0)","decl":{"start":{"line":3,"column":34},"end":{"line":3,"column":35}},"loc":{"start":{"line":3,"column":42},"end":{"line":11,"column":1}},"line":3},"1":{"name":"(anonymous_1)","decl":{"start":{"line":6,"column":16},"end":{"line":6,"column":17}},"loc":{"start":{"line":6,"column":35},"end":{"line":8,"column":5}},"line":6}},"branchMap":{"0":{"loc":{"start":{"line":4,"column":26},"end":{"line":4,"column":43}},"type":"binary-expr","locations":[{"start":{"line":4,"column":26},"end":{"line":4,"column":33}},{"start":{"line":4,"column":37},"end":{"line":4,"column":43}}],"line":4}},"s":{"0":2,"1":2,"2":2,"3":2},"f":{"0":2,"1":2},"b":{"0":[2,2]},"_coverageSchema":"332fd63041d2c1bcb487cc26dd0d5f7d97098a6c","hash":"e7e05ab61b4fd5ec3bb83adcb6eafc5b1df1c098"}
,"/Users/morulus/Work/morulus/projects/composefn/src/invoke.js": {"path":"/Users/morulus/Work/morulus/projects/composefn/src/invoke.js","statementMap":{"0":{"start":{"line":8,"column":42},"end":{"line":16,"column":1}},"1":{"start":{"line":9,"column":18},"end":{"line":9,"column":38}},"2":{"start":{"line":10,"column":2},"end":{"line":14,"column":3}},"3":{"start":{"line":11,"column":4},"end":{"line":11,"column":37}},"4":{"start":{"line":12,"column":9},"end":{"line":14,"column":3}},"5":{"start":{"line":13,"column":4},"end":{"line":13,"column":43}},"6":{"start":{"line":15,"column":2},"end":{"line":15,"column":17}}},"fnMap":{"0":{"name":"(anonymous_0)","decl":{"start":{"line":8,"column":36},"end":{"line":8,"column":37}},"loc":{"start":{"line":8,"column":42},"end":{"line":16,"column":1}},"line":8},"1":{"name":"invoke","decl":{"start":{"line":8,"column":51},"end":{"line":8,"column":57}},"loc":{"start":{"line":8,"column":67},"end":{"line":16,"column":1}},"line":8}},"branchMap":{"0":{"loc":{"start":{"line":10,"column":2},"end":{"line":14,"column":3}},"type":"if","locations":[{"start":{"line":10,"column":2},"end":{"line":14,"column":3}},{"start":{"line":10,"column":2},"end":{"line":14,"column":3}}],"line":10},"1":{"loc":{"start":{"line":12,"column":9},"end":{"line":14,"column":3}},"type":"if","locations":[{"start":{"line":12,"column":9},"end":{"line":14,"column":3}},{"start":{"line":12,"column":9},"end":{"line":14,"column":3}}],"line":12},"2":{"loc":{"start":{"line":12,"column":13},"end":{"line":12,"column":55}},"type":"binary-expr","locations":[{"start":{"line":12,"column":13},"end":{"line":12,"column":29}},{"start":{"line":12,"column":33},"end":{"line":12,"column":55}}],"line":12}},"s":{"0":3,"1":5,"2":5,"3":3,"4":2,"5":2,"6":0},"f":{"0":3,"1":5},"b":{"0":[3,2],"1":[2,0],"2":[2,2]},"_coverageSchema":"332fd63041d2c1bcb487cc26dd0d5f7d97098a6c","hash":"61bab3b032ededaf847df1886f09cd28aec7f511"}
,"/Users/morulus/Work/morulus/projects/composefn/src/mapArgs.js": {"path":"/Users/morulus/Work/morulus/projects/composefn/src/mapArgs.js","statementMap":{"0":{"start":{"line":5,"column":20},"end":{"line":5,"column":64}},"1":{"start":{"line":6,"column":2},"end":{"line":6,"column":63}},"2":{"start":{"line":13,"column":19},"end":{"line":13,"column":58}},"3":{"start":{"line":14,"column":12},"end":{"line":18,"column":3}},"4":{"start":{"line":16,"column":6},"end":{"line":16,"column":34}},"5":{"start":{"line":20,"column":2},"end":{"line":20,"column":21}}},"fnMap":{"0":{"name":"stackApplier","decl":{"start":{"line":4,"column":9},"end":{"line":4,"column":21}},"loc":{"start":{"line":4,"column":44},"end":{"line":7,"column":1}},"line":4},"1":{"name":"(anonymous_1)","decl":{"start":{"line":12,"column":37},"end":{"line":12,"column":38}},"loc":{"start":{"line":12,"column":51},"end":{"line":21,"column":1}},"line":12},"2":{"name":"(anonymous_2)","decl":{"start":{"line":15,"column":16},"end":{"line":15,"column":17}},"loc":{"start":{"line":15,"column":35},"end":{"line":17,"column":5}},"line":15}},"branchMap":{"0":{"loc":{"start":{"line":6,"column":9},"end":{"line":6,"column":62}},"type":"cond-expr","locations":[{"start":{"line":6,"column":30},"end":{"line":6,"column":57}},{"start":{"line":6,"column":60},"end":{"line":6,"column":62}}],"line":6},"1":{"loc":{"start":{"line":13,"column":29},"end":{"line":13,"column":56}},"type":"binary-expr","locations":[{"start":{"line":13,"column":29},"end":{"line":13,"column":36}},{"start":{"line":13,"column":40},"end":{"line":13,"column":56}}],"line":13}},"s":{"0":1,"1":1,"2":1,"3":1,"4":1,"5":1},"f":{"0":1,"1":1,"2":1},"b":{"0":[1,0],"1":[1,1]},"_coverageSchema":"332fd63041d2c1bcb487cc26dd0d5f7d97098a6c","hash":"92989ec2f06930c50e25a71c953039a33d4090b8"}
,"/Users/morulus/Work/morulus/projects/composefn/src/onError.js": {"path":"/Users/morulus/Work/morulus/projects/composefn/src/onError.js","statementMap":{"0":{"start":{"line":6,"column":19},"end":{"line":6,"column":53}},"1":{"start":{"line":7,"column":12},"end":{"line":9,"column":3}},"2":{"start":{"line":10,"column":2},"end":{"line":16,"column":19}},"3":{"start":{"line":14,"column":6},"end":{"line":14,"column":39}},"4":{"start":{"line":17,"column":2},"end":{"line":17,"column":21}}},"fnMap":{"0":{"name":"onError","decl":{"start":{"line":5,"column":46},"end":{"line":5,"column":53}},"loc":{"start":{"line":5,"column":63},"end":{"line":18,"column":1}},"line":5},"1":{"name":"(anonymous_1)","decl":{"start":{"line":8,"column":16},"end":{"line":8,"column":17}},"loc":{"start":{"line":8,"column":28},"end":{"line":8,"column":30}},"line":8},"2":{"name":"(anonymous_2)","decl":{"start":{"line":13,"column":11},"end":{"line":13,"column":12}},"loc":{"start":{"line":13,"column":30},"end":{"line":15,"column":5}},"line":13}},"branchMap":{"0":{"loc":{"start":{"line":6,"column":29},"end":{"line":6,"column":51}},"type":"binary-expr","locations":[{"start":{"line":6,"column":29},"end":{"line":6,"column":41}},{"start":{"line":6,"column":45},"end":{"line":6,"column":51}}],"line":6}},"s":{"0":6,"1":6,"2":6,"3":5,"4":6},"f":{"0":6,"1":1,"2":5},"b":{"0":[6,6]},"_coverageSchema":"332fd63041d2c1bcb487cc26dd0d5f7d97098a6c","hash":"6add3f991be3da6764af45038f5aa6c1fd81f3d7"}
,"/Users/morulus/Work/morulus/projects/composefn/src/then.js": {"path":"/Users/morulus/Work/morulus/projects/composefn/src/then.js","statementMap":{"0":{"start":{"line":5,"column":19},"end":{"line":5,"column":48}},"1":{"start":{"line":6,"column":12},"end":{"line":17,"column":3}},"2":{"start":{"line":8,"column":6},"end":{"line":14,"column":7}},"3":{"start":{"line":9,"column":28},"end":{"line":9,"column":49}},"4":{"start":{"line":10,"column":8},"end":{"line":12,"column":9}},"5":{"start":{"line":11,"column":10},"end":{"line":11,"column":43}},"6":{"start":{"line":13,"column":8},"end":{"line":13,"column":27}},"7":{"start":{"line":15,"column":6},"end":{"line":15,"column":39}},"8":{"start":{"line":19,"column":2},"end":{"line":19,"column":21}}},"fnMap":{"0":{"name":"(anonymous_0)","decl":{"start":{"line":4,"column":34},"end":{"line":4,"column":35}},"loc":{"start":{"line":4,"column":55},"end":{"line":20,"column":1}},"line":4}},"branchMap":{"0":{"loc":{"start":{"line":5,"column":26},"end":{"line":5,"column":46}},"type":"binary-expr","locations":[{"start":{"line":5,"column":26},"end":{"line":5,"column":38}},{"start":{"line":5,"column":42},"end":{"line":5,"column":46}}],"line":5},"1":{"loc":{"start":{"line":8,"column":6},"end":{"line":14,"column":7}},"type":"if","locations":[{"start":{"line":8,"column":6},"end":{"line":14,"column":7}},{"start":{"line":8,"column":6},"end":{"line":14,"column":7}}],"line":8},"2":{"loc":{"start":{"line":10,"column":8},"end":{"line":12,"column":9}},"type":"if","locations":[{"start":{"line":10,"column":8},"end":{"line":12,"column":9}},{"start":{"line":10,"column":8},"end":{"line":12,"column":9}}],"line":10}},"s":{"0":8,"1":8,"2":8,"3":6,"4":6,"5":2,"6":4,"7":2,"8":8},"f":{"0":8},"b":{"0":[8,8],"1":[6,2],"2":[2,4]},"_coverageSchema":"332fd63041d2c1bcb487cc26dd0d5f7d97098a6c","hash":"f5145e73afdeafca5a1acf7486714ef06a42cdf9"}
,"/Users/morulus/Work/morulus/projects/composefn/src/tillMatch.js": {"path":"/Users/morulus/Work/morulus/projects/composefn/src/tillMatch.js","statementMap":{"0":{"start":{"line":6,"column":2},"end":{"line":6,"column":19}},"1":{"start":{"line":10,"column":18},"end":{"line":12,"column":32}},"2":{"start":{"line":12,"column":16},"end":{"line":12,"column":32}},"3":{"start":{"line":13,"column":20},"end":{"line":13,"column":38}},"4":{"start":{"line":14,"column":23},"end":{"line":16,"column":21}},"5":{"start":{"line":17,"column":2},"end":{"line":43,"column":4}},"6":{"start":{"line":18,"column":15},"end":{"line":18,"column":34}},"7":{"start":{"line":19,"column":4},"end":{"line":31,"column":5}},"8":{"start":{"line":20,"column":18},"end":{"line":20,"column":28}},"9":{"start":{"line":21,"column":21},"end":{"line":23,"column":23}},"10":{"start":{"line":24,"column":6},"end":{"line":29,"column":7}},"11":{"start":{"line":28,"column":8},"end":{"line":28,"column":40}},"12":{"start":{"line":30,"column":6},"end":{"line":30,"column":33}},"13":{"start":{"line":32,"column":4},"end":{"line":39,"column":5}},"14":{"start":{"line":33,"column":21},"end":{"line":35,"column":21}},"15":{"start":{"line":36,"column":6},"end":{"line":38,"column":7}},"16":{"start":{"line":37,"column":8},"end":{"line":37,"column":22}},"17":{"start":{"line":40,"column":4},"end":{"line":42,"column":15}}},"fnMap":{"0":{"name":"defaultOnFail","decl":{"start":{"line":5,"column":9},"end":{"line":5,"column":22}},"loc":{"start":{"line":5,"column":25},"end":{"line":7,"column":1}},"line":5},"1":{"name":"tillTruly","decl":{"start":{"line":9,"column":24},"end":{"line":9,"column":33}},"loc":{"start":{"line":9,"column":75},"end":{"line":44,"column":1}},"line":9},"2":{"name":"(anonymous_2)","decl":{"start":{"line":12,"column":6},"end":{"line":12,"column":7}},"loc":{"start":{"line":12,"column":16},"end":{"line":12,"column":32}},"line":12},"3":{"name":"tillTrulyChain","decl":{"start":{"line":17,"column":18},"end":{"line":17,"column":32}},"loc":{"start":{"line":17,"column":42},"end":{"line":43,"column":3}},"line":17}},"branchMap":{"0":{"loc":{"start":{"line":9,"column":51},"end":{"line":9,"column":73}},"type":"default-arg","locations":[{"start":{"line":9,"column":60},"end":{"line":9,"column":73}}],"line":9},"1":{"loc":{"start":{"line":10,"column":18},"end":{"line":12,"column":32}},"type":"cond-expr","locations":[{"start":{"line":11,"column":6},"end":{"line":11,"column":11}},{"start":{"line":12,"column":6},"end":{"line":12,"column":32}}],"line":10},"2":{"loc":{"start":{"line":14,"column":23},"end":{"line":16,"column":21}},"type":"cond-expr","locations":[{"start":{"line":15,"column":6},"end":{"line":15,"column":39}},{"start":{"line":16,"column":6},"end":{"line":16,"column":21}}],"line":14},"3":{"loc":{"start":{"line":21,"column":21},"end":{"line":23,"column":23}},"type":"cond-expr","locations":[{"start":{"line":22,"column":10},"end":{"line":22,"column":41}},{"start":{"line":23,"column":10},"end":{"line":23,"column":23}}],"line":21},"4":{"loc":{"start":{"line":24,"column":6},"end":{"line":29,"column":7}},"type":"if","locations":[{"start":{"line":24,"column":6},"end":{"line":29,"column":7}},{"start":{"line":24,"column":6},"end":{"line":29,"column":7}}],"line":24},"5":{"loc":{"start":{"line":28,"column":15},"end":{"line":28,"column":39}},"type":"cond-expr","locations":[{"start":{"line":28,"column":27},"end":{"line":28,"column":30}},{"start":{"line":28,"column":33},"end":{"line":28,"column":39}}],"line":28},"6":{"loc":{"start":{"line":33,"column":21},"end":{"line":35,"column":21}},"type":"cond-expr","locations":[{"start":{"line":34,"column":10},"end":{"line":34,"column":39}},{"start":{"line":35,"column":10},"end":{"line":35,"column":21}}],"line":33},"7":{"loc":{"start":{"line":36,"column":6},"end":{"line":38,"column":7}},"type":"if","locations":[{"start":{"line":36,"column":6},"end":{"line":38,"column":7}},{"start":{"line":36,"column":6},"end":{"line":38,"column":7}}],"line":36},"8":{"loc":{"start":{"line":40,"column":11},"end":{"line":42,"column":14}},"type":"cond-expr","locations":[{"start":{"line":41,"column":8},"end":{"line":41,"column":32}},{"start":{"line":42,"column":8},"end":{"line":42,"column":14}}],"line":40}},"s":{"0":1,"1":5,"2":0,"3":5,"4":5,"5":5,"6":8,"7":8,"8":9,"9":9,"10":9,"11":4,"12":5,"13":4,"14":5,"15":5,"16":0,"17":4},"f":{"0":1,"1":5,"2":0,"3":8},"b":{"0":[2],"1":[5,0],"2":[2,3],"3":[5,4],"4":[4,5],"5":[1,3],"6":[5,0],"7":[0,5],"8":[2,2]},"_coverageSchema":"332fd63041d2c1bcb487cc26dd0d5f7d97098a6c","hash":"b1a4c79f8f1a6b860b45608fb83d145e6f1abc32"}
,"/Users/morulus/Work/morulus/projects/composefn/src/tillTruly.js": {"path":"/Users/morulus/Work/morulus/projects/composefn/src/tillTruly.js","statementMap":{"0":{"start":{"line":2,"column":2},"end":{"line":11,"column":4}},"1":{"start":{"line":4,"column":4},"end":{"line":9,"column":5}},"2":{"start":{"line":5,"column":6},"end":{"line":5,"column":40}},"3":{"start":{"line":6,"column":6},"end":{"line":8,"column":7}},"4":{"start":{"line":7,"column":8},"end":{"line":7,"column":14}},"5":{"start":{"line":10,"column":4},"end":{"line":10,"column":18}}},"fnMap":{"0":{"name":"tillTruly","decl":{"start":{"line":1,"column":24},"end":{"line":1,"column":33}},"loc":{"start":{"line":1,"column":42},"end":{"line":12,"column":1}},"line":1},"1":{"name":"tillTrulyChain","decl":{"start":{"line":2,"column":18},"end":{"line":2,"column":32}},"loc":{"start":{"line":2,"column":42},"end":{"line":11,"column":3}},"line":2}},"branchMap":{"0":{"loc":{"start":{"line":6,"column":6},"end":{"line":8,"column":7}},"type":"if","locations":[{"start":{"line":6,"column":6},"end":{"line":8,"column":7}},{"start":{"line":6,"column":6},"end":{"line":8,"column":7}}],"line":6}},"s":{"0":2,"1":4,"2":7,"3":7,"4":3,"5":4},"f":{"0":2,"1":4},"b":{"0":[3,4]},"_coverageSchema":"332fd63041d2c1bcb487cc26dd0d5f7d97098a6c","hash":"fe53ffb8e88c7fd75a208aaacb393703406d445d"}
,"/Users/morulus/Work/morulus/projects/composefn/src/withProps.js": {"path":"/Users/morulus/Work/morulus/projects/composefn/src/withProps.js","statementMap":{"0":{"start":{"line":9,"column":2},"end":{"line":9,"column":22}},"1":{"start":{"line":9,"column":15},"end":{"line":9,"column":21}},"2":{"start":{"line":13,"column":33},"end":{"line":13,"column":57}},"3":{"start":{"line":14,"column":2},"end":{"line":19,"column":3}},"4":{"start":{"line":15,"column":4},"end":{"line":18,"column":6}},"5":{"start":{"line":20,"column":2},"end":{"line":20,"column":91}},"6":{"start":{"line":21,"column":2},"end":{"line":31,"column":4}},"7":{"start":{"line":22,"column":20},"end":{"line":22,"column":24}},"8":{"start":{"line":23,"column":4},"end":{"line":25,"column":5}},"9":{"start":{"line":24,"column":6},"end":{"line":24,"column":88}},"10":{"start":{"line":26,"column":4},"end":{"line":30,"column":6}}},"fnMap":{"0":{"name":"objectToTransformer","decl":{"start":{"line":8,"column":9},"end":{"line":8,"column":28}},"loc":{"start":{"line":8,"column":37},"end":{"line":10,"column":1}},"line":8},"1":{"name":"(anonymous_1)","decl":{"start":{"line":9,"column":9},"end":{"line":9,"column":10}},"loc":{"start":{"line":9,"column":15},"end":{"line":9,"column":21}},"line":9},"2":{"name":"withProps","decl":{"start":{"line":12,"column":24},"end":{"line":12,"column":33}},"loc":{"start":{"line":12,"column":48},"end":{"line":32,"column":1}},"line":12},"3":{"name":"transform","decl":{"start":{"line":21,"column":18},"end":{"line":21,"column":27}},"loc":{"start":{"line":21,"column":37},"end":{"line":31,"column":3}},"line":21}},"branchMap":{"0":{"loc":{"start":{"line":14,"column":2},"end":{"line":19,"column":3}},"type":"if","locations":[{"start":{"line":14,"column":2},"end":{"line":19,"column":3}},{"start":{"line":14,"column":2},"end":{"line":19,"column":3}}],"line":14},"1":{"loc":{"start":{"line":16,"column":6},"end":{"line":16,"column":58}},"type":"binary-expr","locations":[{"start":{"line":16,"column":6},"end":{"line":16,"column":28}},{"start":{"line":16,"column":32},"end":{"line":16,"column":58}}],"line":16},"2":{"loc":{"start":{"line":20,"column":17},"end":{"line":20,"column":90}},"type":"cond-expr","locations":[{"start":{"line":20,"column":42},"end":{"line":20,"column":54}},{"start":{"line":20,"column":57},"end":{"line":20,"column":90}}],"line":20},"3":{"loc":{"start":{"line":23,"column":4},"end":{"line":25,"column":5}},"type":"if","locations":[{"start":{"line":23,"column":4},"end":{"line":25,"column":5}},{"start":{"line":23,"column":4},"end":{"line":25,"column":5}}],"line":23},"4":{"loc":{"start":{"line":24,"column":14},"end":{"line":24,"column":45}},"type":"binary-expr","locations":[{"start":{"line":24,"column":14},"end":{"line":24,"column":29}},{"start":{"line":24,"column":33},"end":{"line":24,"column":45}}],"line":24}},"s":{"0":1,"1":1,"2":5,"3":5,"4":5,"5":5,"6":5,"7":5,"8":5,"9":5,"10":5},"f":{"0":1,"1":1,"2":5,"3":5},"b":{"0":[5,0],"1":[5,1],"2":[4,1],"3":[5,0],"4":[5,3]},"_coverageSchema":"332fd63041d2c1bcb487cc26dd0d5f7d97098a6c","hash":"31d3e1296595b41ca0476beb2d53ff8dbe8db358"}
,"/Users/morulus/Work/morulus/projects/composefn/src/zipProps.js": {"path":"/Users/morulus/Work/morulus/projects/composefn/src/zipProps.js","statementMap":{"0":{"start":{"line":7,"column":19},"end":{"line":7,"column":33}},"1":{"start":{"line":8,"column":12},"end":{"line":16,"column":3}},"2":{"start":{"line":10,"column":20},"end":{"line":10,"column":22}},"3":{"start":{"line":11,"column":6},"end":{"line":13,"column":7}},"4":{"start":{"line":12,"column":8},"end":{"line":12,"column":33}},"5":{"start":{"line":14,"column":6},"end":{"line":14,"column":19}},"6":{"start":{"line":18,"column":2},"end":{"line":18,"column":21}}},"fnMap":{"0":{"name":"(anonymous_0)","decl":{"start":{"line":6,"column":38},"end":{"line":6,"column":39}},"loc":{"start":{"line":6,"column":54},"end":{"line":19,"column":1}},"line":6},"1":{"name":"(anonymous_1)","decl":{"start":{"line":9,"column":16},"end":{"line":9,"column":17}},"loc":{"start":{"line":9,"column":35},"end":{"line":15,"column":5}},"line":9}},"branchMap":{},"s":{"0":1,"1":1,"2":1,"3":1,"4":4,"5":1,"6":1},"f":{"0":1,"1":1},"b":{},"_coverageSchema":"332fd63041d2c1bcb487cc26dd0d5f7d97098a6c","hash":"e9883ea0b6499eb395e22d3d0790693df4471404"}
,"/Users/morulus/Work/morulus/projects/composefn/src/internals/constants.js": {"path":"/Users/morulus/Work/morulus/projects/composefn/src/internals/constants.js","statementMap":{"0":{"start":{"line":1,"column":27},"end":{"line":1,"column":48}},"1":{"start":{"line":2,"column":24},"end":{"line":2,"column":42}},"2":{"start":{"line":3,"column":23},"end":{"line":3,"column":40}}},"fnMap":{},"branchMap":{},"s":{"0":12,"1":12,"2":12},"f":{},"b":{},"_coverageSchema":"332fd63041d2c1bcb487cc26dd0d5f7d97098a6c","hash":"d66425c0bac3e24f2f6b7c68cb3e51b1bcfe9552"}
,"/Users/morulus/Work/morulus/projects/composefn/src/internals/helpers.js": {"path":"/Users/morulus/Work/morulus/projects/composefn/src/internals/helpers.js","statementMap":{"0":{"start":{"line":5,"column":12},"end":{"line":17,"column":3}},"1":{"start":{"line":7,"column":19},"end":{"line":7,"column":30}},"2":{"start":{"line":8,"column":6},"end":{"line":14,"column":7}},"3":{"start":{"line":9,"column":8},"end":{"line":13,"column":11}},"4":{"start":{"line":15,"column":6},"end":{"line":15,"column":18}},"5":{"start":{"line":18,"column":2},"end":{"line":26,"column":5}},"6":{"start":{"line":27,"column":2},"end":{"line":27,"column":24}},"7":{"start":{"line":31,"column":2},"end":{"line":31,"column":70}},"8":{"start":{"line":35,"column":2},"end":{"line":35,"column":72}},"9":{"start":{"line":39,"column":2},"end":{"line":39,"column":47}},"10":{"start":{"line":40,"column":2},"end":{"line":40,"column":15}}},"fnMap":{"0":{"name":"defFactory","decl":{"start":{"line":4,"column":16},"end":{"line":4,"column":26}},"loc":{"start":{"line":4,"column":54},"end":{"line":28,"column":1}},"line":4},"1":{"name":"(anonymous_1)","decl":{"start":{"line":6,"column":19},"end":{"line":6,"column":20}},"loc":{"start":{"line":6,"column":38},"end":{"line":16,"column":5}},"line":6},"2":{"name":"isFactory","decl":{"start":{"line":30,"column":16},"end":{"line":30,"column":25}},"loc":{"start":{"line":30,"column":30},"end":{"line":32,"column":1}},"line":30},"3":{"name":"getDisplayName","decl":{"start":{"line":34,"column":16},"end":{"line":34,"column":30}},"loc":{"start":{"line":34,"column":35},"end":{"line":36,"column":1}},"line":34},"4":{"name":"forkResolver","decl":{"start":{"line":38,"column":16},"end":{"line":38,"column":28}},"loc":{"start":{"line":38,"column":51},"end":{"line":41,"column":1}},"line":38}},"branchMap":{"0":{"loc":{"start":{"line":8,"column":6},"end":{"line":14,"column":7}},"type":"if","locations":[{"start":{"line":8,"column":6},"end":{"line":14,"column":7}},{"start":{"line":8,"column":6},"end":{"line":14,"column":7}}],"line":8},"1":{"loc":{"start":{"line":31,"column":9},"end":{"line":31,"column":69}},"type":"binary-expr","locations":[{"start":{"line":31,"column":9},"end":{"line":31,"column":21}},{"start":{"line":31,"column":25},"end":{"line":31,"column":40}},{"start":{"line":31,"column":44},"end":{"line":31,"column":69}}],"line":31},"2":{"loc":{"start":{"line":35,"column":9},"end":{"line":35,"column":71}},"type":"binary-expr","locations":[{"start":{"line":35,"column":9},"end":{"line":35,"column":21}},{"start":{"line":35,"column":25},"end":{"line":35,"column":40}},{"start":{"line":35,"column":44},"end":{"line":35,"column":71}}],"line":35}},"s":{"0":7,"1":27,"2":27,"3":9,"4":27,"5":7,"6":7,"7":104,"8":0,"9":3,"10":3},"f":{"0":7,"1":27,"2":104,"3":0,"4":3},"b":{"0":[9,18],"1":[104,92,0],"2":[0,0,0]},"_coverageSchema":"332fd63041d2c1bcb487cc26dd0d5f7d97098a6c","hash":"4a1d21dbeac1ad06b5bf844294b34ee4277e3e0d"}
}
