TN:
SF:/Users/morulus/Work/morulus/projects/composefn/src/branch.js
FN:8,(anonymous_0)
FN:12,branch
FNF:2
FNH:2
FNDA:6,(anonymous_0)
FNDA:6,branch
DA:12,6
DA:13,6
DA:14,6
DA:15,6
DA:16,6
LF:5
LH:5
BRDA:10,0,0,0
BRDA:11,1,0,1
BRDA:15,2,0,4
BRDA:15,2,1,2
BRDA:16,3,0,4
BRDA:16,3,1,2
BRF:6
BRH:5
end_of_record
TN:
SF:/Users/morulus/Work/morulus/projects/composefn/src/concatenate.js
FN:7,defaultResolver
FN:11,arrayUnitResolver
FN:18,resolveArray
FN:29,resolveUnit
FN:38,reflow
FN:64,concatenate
FN:68,(anonymous_6)
FN:72,flow
FNF:8
FNH:7
FNDA:75,defaultResolver
FNDA:33,arrayUnitResolver
FNDA:15,resolveArray
FNDA:98,resolveUnit
FNDA:47,reflow
FNDA:40,concatenate
FNDA:0,(anonymous_6)
FNDA:42,flow
DA:8,75
DA:12,33
DA:13,8
DA:15,25
DA:19,15
DA:20,0
DA:22,15
DA:23,15
DA:24,33
DA:26,15
DA:30,98
DA:31,71
DA:32,27
DA:33,15
DA:35,12
DA:39,47
DA:40,47
DA:41,47
DA:42,47
DA:43,47
DA:44,93
DA:47,5
DA:52,5
DA:53,5
DA:54,15
DA:55,5
DA:56,5
DA:59,0
DA:61,42
DA:65,40
DA:66,40
DA:69,0
DA:72,40
DA:73,42
LF:34
LH:31
BRDA:12,0,0,8
BRDA:12,0,1,25
BRDA:19,1,0,0
BRDA:19,1,1,15
BRDA:30,2,0,71
BRDA:30,2,1,27
BRDA:31,3,0,71
BRDA:31,3,1,67
BRDA:32,4,0,15
BRDA:32,4,1,12
BRDA:54,5,0,5
BRDA:54,5,1,10
BRDA:65,6,0,40
BRDA:65,6,1,0
BRF:14
BRH:12
end_of_record
TN:
SF:/Users/morulus/Work/morulus/projects/composefn/src/fork.js
FN:3,(anonymous_0)
FN:6,(anonymous_1)
FNF:2
FNH:2
FNDA:2,(anonymous_0)
FNDA:2,(anonymous_1)
DA:4,2
DA:5,2
DA:7,2
DA:10,2
LF:4
LH:4
BRDA:4,0,0,2
BRDA:4,0,1,2
BRF:2
BRH:2
end_of_record
TN:
SF:/Users/morulus/Work/morulus/projects/composefn/src/invoke.js
FN:8,(anonymous_0)
FN:8,invoke
FNF:2
FNH:2
FNDA:3,(anonymous_0)
FNDA:5,invoke
DA:8,3
DA:9,5
DA:10,5
DA:11,3
DA:12,2
DA:13,2
DA:15,0
LF:7
LH:6
BRDA:10,0,0,3
BRDA:10,0,1,2
BRDA:12,1,0,2
BRDA:12,1,1,0
BRDA:12,2,0,2
BRDA:12,2,1,2
BRF:6
BRH:5
end_of_record
TN:
SF:/Users/morulus/Work/morulus/projects/composefn/src/mapArgs.js
FN:4,stackApplier
FN:12,(anonymous_1)
FN:15,(anonymous_2)
FNF:3
FNH:3
FNDA:1,stackApplier
FNDA:1,(anonymous_1)
FNDA:1,(anonymous_2)
DA:5,1
DA:6,1
DA:13,1
DA:14,1
DA:16,1
DA:20,1
LF:6
LH:6
BRDA:6,0,0,1
BRDA:6,0,1,0
BRDA:13,1,0,1
BRDA:13,1,1,1
BRF:4
BRH:3
end_of_record
TN:
SF:/Users/morulus/Work/morulus/projects/composefn/src/onError.js
FN:5,onError
FN:8,(anonymous_1)
FN:13,(anonymous_2)
FNF:3
FNH:3
FNDA:6,onError
FNDA:1,(anonymous_1)
FNDA:5,(anonymous_2)
DA:6,6
DA:7,6
DA:10,6
DA:14,5
DA:17,6
LF:5
LH:5
BRDA:6,0,0,6
BRDA:6,0,1,6
BRF:2
BRH:2
end_of_record
TN:
SF:/Users/morulus/Work/morulus/projects/composefn/src/then.js
FN:4,(anonymous_0)
FNF:1
FNH:1
FNDA:8,(anonymous_0)
DA:5,8
DA:6,8
DA:8,8
DA:9,6
DA:10,6
DA:11,2
DA:13,4
DA:15,2
DA:19,8
LF:9
LH:9
BRDA:5,0,0,8
BRDA:5,0,1,8
BRDA:8,1,0,6
BRDA:8,1,1,2
BRDA:10,2,0,2
BRDA:10,2,1,4
BRF:6
BRH:6
end_of_record
TN:
SF:/Users/morulus/Work/morulus/projects/composefn/src/tillMatch.js
FN:5,defaultOnFail
FN:9,tillTruly
FN:12,(anonymous_2)
FN:17,tillTrulyChain
FNF:4
FNH:3
FNDA:1,defaultOnFail
FNDA:5,tillTruly
FNDA:0,(anonymous_2)
FNDA:8,tillTrulyChain
DA:6,1
DA:10,5
DA:12,0
DA:13,5
DA:14,5
DA:17,5
DA:18,8
DA:19,8
DA:20,9
DA:21,9
DA:24,9
DA:28,4
DA:30,5
DA:32,4
DA:33,5
DA:36,5
DA:37,0
DA:40,4
LF:18
LH:16
BRDA:9,0,0,2
BRDA:10,1,0,5
BRDA:10,1,1,0
BRDA:14,2,0,2
BRDA:14,2,1,3
BRDA:21,3,0,5
BRDA:21,3,1,4
BRDA:24,4,0,4
BRDA:24,4,1,5
BRDA:28,5,0,1
BRDA:28,5,1,3
BRDA:33,6,0,5
BRDA:33,6,1,0
BRDA:36,7,0,0
BRDA:36,7,1,5
BRDA:40,8,0,2
BRDA:40,8,1,2
BRF:17
BRH:14
end_of_record
TN:
SF:/Users/morulus/Work/morulus/projects/composefn/src/tillTruly.js
FN:1,tillTruly
FN:2,tillTrulyChain
FNF:2
FNH:2
FNDA:2,tillTruly
FNDA:4,tillTrulyChain
DA:2,2
DA:4,4
DA:5,7
DA:6,7
DA:7,3
DA:10,4
LF:6
LH:6
BRDA:6,0,0,3
BRDA:6,0,1,4
BRF:2
BRH:2
end_of_record
TN:
SF:/Users/morulus/Work/morulus/projects/composefn/src/withProps.js
FN:8,objectToTransformer
FN:9,(anonymous_1)
FN:12,withProps
FN:21,transform
FNF:4
FNH:4
FNDA:1,objectToTransformer
FNDA:1,(anonymous_1)
FNDA:5,withProps
FNDA:5,transform
DA:9,1
DA:13,5
DA:14,5
DA:15,5
DA:20,5
DA:21,5
DA:22,5
DA:23,5
DA:24,5
DA:26,5
LF:10
LH:10
BRDA:14,0,0,5
BRDA:14,0,1,0
BRDA:16,1,0,5
BRDA:16,1,1,1
BRDA:20,2,0,4
BRDA:20,2,1,1
BRDA:23,3,0,5
BRDA:23,3,1,0
BRDA:24,4,0,5
BRDA:24,4,1,3
BRF:10
BRH:8
end_of_record
TN:
SF:/Users/morulus/Work/morulus/projects/composefn/src/zipProps.js
FN:6,(anonymous_0)
FN:9,(anonymous_1)
FNF:2
FNH:2
FNDA:1,(anonymous_0)
FNDA:1,(anonymous_1)
DA:7,1
DA:8,1
DA:10,1
DA:11,1
DA:12,4
DA:14,1
DA:18,1
LF:7
LH:7
BRF:0
BRH:0
end_of_record
TN:
SF:/Users/morulus/Work/morulus/projects/composefn/src/internals/constants.js
FNF:0
FNH:0
DA:1,12
DA:2,12
DA:3,12
LF:3
LH:3
BRF:0
BRH:0
end_of_record
TN:
SF:/Users/morulus/Work/morulus/projects/composefn/src/internals/helpers.js
FN:4,defFactory
FN:6,(anonymous_1)
FN:30,isFactory
FN:34,getDisplayName
FN:38,forkResolver
FNF:5
FNH:4
FNDA:7,defFactory
FNDA:27,(anonymous_1)
FNDA:104,isFactory
FNDA:0,getDisplayName
FNDA:3,forkResolver
DA:5,7
DA:7,27
DA:8,27
DA:9,9
DA:15,27
DA:18,7
DA:27,7
DA:31,104
DA:35,0
DA:39,3
DA:40,3
LF:11
LH:10
BRDA:8,0,0,9
BRDA:8,0,1,18
BRDA:31,1,0,104
BRDA:31,1,1,92
BRDA:31,1,2,0
BRDA:35,2,0,0
BRDA:35,2,1,0
BRDA:35,2,2,0
BRF:8
BRH:4
end_of_record
